<?xml version="1.0" encoding="UTF-8"?>
<testsuites name="jest tests" tests="11" failures="0" errors="0" time="20.922">
  <testsuite name="useFormHandle" errors="0" failures="0" skipped="0" timestamp="2023-03-04T15:47:56" time="11.037" tests="1">
    <testcase classname="useFormHandle Should return correct values" name="useFormHandle Should return correct values" time="0.025">
    </testcase>
  </testsuite>
  <testsuite name="ProcessedLog" errors="0" failures="0" skipped="1" timestamp="2023-03-04T15:47:56" time="14.072" tests="3">
    <testcase classname="ProcessedLog renders correctly" name="ProcessedLog renders correctly" time="0.029">
    </testcase>
    <testcase classname="ProcessedLog Should show correct log  text" name="ProcessedLog Should show correct log  text" time="0.067">
    </testcase>
    <testcase classname="ProcessedLog Should have monospace font family style " name="ProcessedLog Should have monospace font family style " time="0">
      <skipped/>
    </testcase>
  </testsuite>
  <testsuite name="processLog" errors="0" failures="0" skipped="0" timestamp="2023-03-04T15:47:56" time="15.15" tests="2">
    <testcase classname="processLog Should call Post request with correct values and receive correct response" name="processLog Should call Post request with correct values and receive correct response" time="0.004">
    </testcase>
    <testcase classname="processLog Should cover negative route after error is thrown" name="processLog Should cover negative route after error is thrown" time="0">
    </testcase>
  </testsuite>
  <testsuite name="LogForm" errors="0" failures="0" skipped="0" timestamp="2023-03-04T15:47:56" time="19.056" tests="5">
    <testcase classname="LogForm renders correctly" name="LogForm renders correctly" time="0.422">
    </testcase>
    <testcase classname="LogForm Should be able to submit a form, whenever required inputs are filled" name="LogForm Should be able to submit a form, whenever required inputs are filled" time="0.122">
    </testcase>
    <testcase classname="LogForm Should not be able to submit a form, whenever required inputs arent filled" name="LogForm Should not be able to submit a form, whenever required inputs arent filled" time="0.382">
    </testcase>
    <testcase classname="LogForm Should not be able to submit a form if email is in the wrong format" name="LogForm Should not be able to submit a form if email is in the wrong format" time="0.087">
    </testcase>
    <testcase classname="LogForm Should not be able to interact with form whenever form is disabled(submiting)" name="LogForm Should not be able to interact with form whenever form is disabled(submiting)" time="0.059">
    </testcase>
  </testsuite>
</testsuites>